<?xml version="1.0" encoding="UTF-8"?>
<testsuite name="IntegrationTest" tests="1" skipped="0" failures="1" errors="0" timestamp="2017-11-12T20:31:12" hostname="ARJUNs-MBP.fios-router.home" time="0.046">
  <properties/>
  <testcase name="testTitleFinder" classname="IntegrationTest" time="0.046">
    <failure message="org.junit.ComparisonFailure: expected:&lt;...process-file input/i[nput.txt&#10;&#10;Enter a directive:  process-file | query | quit&#10;query st&#10;2009&#9;DE&#9;audi Star Talk&#10;2009&#9;DE&#9;Budi Star Talk&#10;2009&#9;DE&#9;Cudi Star Talk&#10;2009&#9;DE&#9;Dudi Star Talk&#10;2009&#9;DE&#9;Eudi Star Talk&#10;2009&#9;DE&#9;Fudi Star Talk&#10;2009&#9;DE&#9;Gudi Star Talk&#10;2009&#9;DE&#9;Hudi Star Talk&#10;2009&#9;DE&#9;Iudi Star Talk&#10;2009&#9;DE&#9;Judi Star Talk]&#10;&#10;Enter a directive:...&gt; but was:&lt;...process-file input/i[anput.txt&#10;Invalid file [input/ianput.txt]&#10;&#10;Enter a directive:  process-file | query | quit&#10;query st&#10;No results found for st]&#10;&#10;Enter a directive:...&gt;" type="org.junit.ComparisonFailure">org.junit.ComparisonFailure: expected:&lt;...process-file input/i[nput.txt

Enter a directive:  process-file | query | quit
query st
2009	DE	audi Star Talk
2009	DE	Budi Star Talk
2009	DE	Cudi Star Talk
2009	DE	Dudi Star Talk
2009	DE	Eudi Star Talk
2009	DE	Fudi Star Talk
2009	DE	Gudi Star Talk
2009	DE	Hudi Star Talk
2009	DE	Iudi Star Talk
2009	DE	Judi Star Talk]

Enter a directive:...&gt; but was:&lt;...process-file input/i[anput.txt
Invalid file [input/ianput.txt]

Enter a directive:  process-file | query | quit
query st
No results found for st]

Enter a directive:...&gt;
	at org.junit.Assert.assertEquals(Assert.java:115)
	at org.junit.Assert.assertEquals(Assert.java:144)
	at IntegrationTest.testTitleFinder(IntegrationTest.java:43)
	at sun.reflect.NativeMethodAccessorImpl.invoke0(Native Method)
	at sun.reflect.NativeMethodAccessorImpl.invoke(NativeMethodAccessorImpl.java:62)
	at sun.reflect.DelegatingMethodAccessorImpl.invoke(DelegatingMethodAccessorImpl.java:43)
	at java.lang.reflect.Method.invoke(Method.java:483)
	at org.junit.runners.model.FrameworkMethod$1.runReflectiveCall(FrameworkMethod.java:50)
	at org.junit.internal.runners.model.ReflectiveCallable.run(ReflectiveCallable.java:12)
	at org.junit.runners.model.FrameworkMethod.invokeExplosively(FrameworkMethod.java:47)
	at org.junit.internal.runners.statements.InvokeMethod.evaluate(InvokeMethod.java:17)
	at org.junit.runners.ParentRunner.runLeaf(ParentRunner.java:325)
	at org.junit.runners.BlockJUnit4ClassRunner.runChild(BlockJUnit4ClassRunner.java:78)
	at org.junit.runners.BlockJUnit4ClassRunner.runChild(BlockJUnit4ClassRunner.java:57)
	at org.junit.runners.ParentRunner$3.run(ParentRunner.java:290)
	at org.junit.runners.ParentRunner$1.schedule(ParentRunner.java:71)
	at org.junit.runners.ParentRunner.runChildren(ParentRunner.java:288)
	at org.junit.runners.ParentRunner.access$000(ParentRunner.java:58)
	at org.junit.runners.ParentRunner$2.evaluate(ParentRunner.java:268)
	at org.junit.runners.ParentRunner.run(ParentRunner.java:363)
	at org.gradle.api.internal.tasks.testing.junit.JUnitTestClassExecuter.runTestClass(JUnitTestClassExecuter.java:114)
	at org.gradle.api.internal.tasks.testing.junit.JUnitTestClassExecuter.execute(JUnitTestClassExecuter.java:57)
	at org.gradle.api.internal.tasks.testing.junit.JUnitTestClassProcessor.processTestClass(JUnitTestClassProcessor.java:66)
	at org.gradle.api.internal.tasks.testing.SuiteTestClassProcessor.processTestClass(SuiteTestClassProcessor.java:51)
	at sun.reflect.NativeMethodAccessorImpl.invoke0(Native Method)
	at sun.reflect.NativeMethodAccessorImpl.invoke(NativeMethodAccessorImpl.java:62)
	at sun.reflect.DelegatingMethodAccessorImpl.invoke(DelegatingMethodAccessorImpl.java:43)
	at java.lang.reflect.Method.invoke(Method.java:483)
	at org.gradle.internal.dispatch.ReflectionDispatch.dispatch(ReflectionDispatch.java:35)
	at org.gradle.internal.dispatch.ReflectionDispatch.dispatch(ReflectionDispatch.java:24)
	at org.gradle.internal.dispatch.ContextClassLoaderDispatch.dispatch(ContextClassLoaderDispatch.java:32)
	at org.gradle.internal.dispatch.ProxyDispatchAdapter$DispatchingInvocationHandler.invoke(ProxyDispatchAdapter.java:93)
	at com.sun.proxy.$Proxy2.processTestClass(Unknown Source)
	at org.gradle.api.internal.tasks.testing.worker.TestWorker.processTestClass(TestWorker.java:109)
	at sun.reflect.NativeMethodAccessorImpl.invoke0(Native Method)
	at sun.reflect.NativeMethodAccessorImpl.invoke(NativeMethodAccessorImpl.java:62)
	at sun.reflect.DelegatingMethodAccessorImpl.invoke(DelegatingMethodAccessorImpl.java:43)
	at java.lang.reflect.Method.invoke(Method.java:483)
	at org.gradle.internal.dispatch.ReflectionDispatch.dispatch(ReflectionDispatch.java:35)
	at org.gradle.internal.dispatch.ReflectionDispatch.dispatch(ReflectionDispatch.java:24)
	at org.gradle.internal.remote.internal.hub.MessageHubBackedObjectConnection$DispatchWrapper.dispatch(MessageHubBackedObjectConnection.java:147)
	at org.gradle.internal.remote.internal.hub.MessageHubBackedObjectConnection$DispatchWrapper.dispatch(MessageHubBackedObjectConnection.java:129)
	at org.gradle.internal.remote.internal.hub.MessageHub$Handler.run(MessageHub.java:404)
	at org.gradle.internal.concurrent.ExecutorPolicy$CatchAndRecordFailures.onExecute(ExecutorPolicy.java:63)
	at org.gradle.internal.concurrent.StoppableExecutorImpl$1.run(StoppableExecutorImpl.java:46)
	at java.util.concurrent.ThreadPoolExecutor.runWorker(ThreadPoolExecutor.java:1142)
	at java.util.concurrent.ThreadPoolExecutor$Worker.run(ThreadPoolExecutor.java:617)
	at java.lang.Thread.run(Thread.java:745)
</failure>
  </testcase>
  <system-out><![CDATA[]]></system-out>
  <system-err><![CDATA[]]></system-err>
</testsuite>
