<?xml version="1.0" encoding="UTF-8"?>
<testsuite name="TrieNodeTest" tests="2" skipped="0" failures="0" errors="0" timestamp="2017-11-12T20:31:13" hostname="ARJUNs-MBP.fios-router.home" time="0.001">
  <properties/>
  <testcase name="addMovieKeepsMoviesSorted" classname="TrieNodeTest" time="0.0"/>
  <testcase name="addMovieOnlyAddsUptoCapacity" classname="TrieNodeTest" time="0.001"/>
  <system-out><![CDATA[]]></system-out>
  <system-err><![CDATA[]]></system-err>
</testsuite>
