<?xml version="1.0" encoding="UTF-8"?>
<testsuite name="MovieDBTest" tests="4" skipped="0" failures="0" errors="0" timestamp="2017-11-12T20:31:12" hostname="ARJUNs-MBP.fios-router.home" time="0.014">
  <properties/>
  <testcase name="processMovieDataDoesNotProcessANullFileName" classname="MovieDBTest" time="0.0"/>
  <testcase name="processMovieDataProcessesAValidFile" classname="MovieDBTest" time="0.013"/>
  <testcase name="processMovieDataDoesNotProcessAnEmptyFileName" classname="MovieDBTest" time="0.0"/>
  <testcase name="processMovieDataDoesNotProcessANonExistantFile" classname="MovieDBTest" time="0.0"/>
  <system-out><![CDATA[]]></system-out>
  <system-err><![CDATA[]]></system-err>
</testsuite>
