<?xml version="1.0" encoding="UTF-8"?>
<testsuite name="TrieTest" tests="4" skipped="0" failures="0" errors="0" timestamp="2017-11-12T20:31:13" hostname="ARJUNs-MBP.fios-router.home" time="0.002">
  <properties/>
  <testcase name="findByInValidPrefix" classname="TrieTest" time="0.0"/>
  <testcase name="findByValidPrefix" classname="TrieTest" time="0.0"/>
  <testcase name="findByNullPrefix" classname="TrieTest" time="0.0"/>
  <testcase name="findByEmptyPrefix" classname="TrieTest" time="0.001"/>
  <system-out><![CDATA[]]></system-out>
  <system-err><![CDATA[]]></system-err>
</testsuite>
